<?xml version="1.0" encoding="UTF-8"?>
<!-- Generated by org.testng.reporters.JUnitReportReporter -->
<testsuite skipped="0" hostname="RIPLBRD49" name="com.sa.js.login.JsLogin" tests="1" failures="0" timestamp="13 Jun 2018 05:53:37 GMT" time="2.411" errors="0">
  <testcase name="Salogin" time="2.411" classname="com.sa.js.login.JsLogin"/>
</testsuite> <!-- com.sa.js.login.JsLogin -->
