<?xml version="1.0" encoding="UTF-8"?>
<!-- Generated by org.testng.reporters.JUnitReportReporter -->
<testsuite skipped="0" hostname="RIPLBRD49" name="com.sa.js.login.JsLogin" tests="1" failures="0" timestamp="21 Jun 2018 10:27:53 GMT" time="3.544" errors="0">
  <testcase name="Salogin" time="3.544" classname="com.sa.js.login.JsLogin"/>
</testsuite> <!-- com.sa.js.login.JsLogin -->
